2025-03-20 14:53:16.769509 (1163719) main____ INFO    ----------------------------------------
2025-03-20 14:53:16.769553 (1163719) main____ INFO    Jasper version info
2025-03-20 14:53:16.769559 (1163719) main____ INFO      tool      : Jasper 2023.12
2025-03-20 14:53:16.769564 (1163719) main____ INFO      version   : 2023.12 FCS 64 bits
2025-03-20 14:53:16.769568 (1163719) main____ INFO      build date: 2023.12.19 17:39:24 UTC
2025-03-20 14:53:16.769571 (1163719) main____ INFO    ----------------------------------------
2025-03-20 14:53:16.769574 (1163719) main____ INFO    Runtime info:
2025-03-20 14:53:16.769577 (1163719) main____ INFO      platform  : Linux 6.8.0-52-generic x86_64
2025-03-20 14:53:16.769582 (1163719) main____ INFO      hostname  : MAHESH
2025-03-20 14:53:16.769586 (1163719) main____ INFO      pid       : 1163719
2025-03-20 14:53:16.769589 (1163719) main____ INFO      arguments : '-style' 'windows' '-allow_unsupported_OS' 'shrd_crd_mgr.tcl'
2025-03-20 14:53:16.769594 (1163719) main____ INFO      locale    : UTF-8
2025-03-20 14:53:16.769597 (1163719) main____ INFO    ----------------------------------------
2025-03-20 14:53:16.769600 (1163719) main____ INFO    System resource limits info:
2025-03-20 14:53:16.769604 (1163719) main____ INFO      virtual memory: unlimited
2025-03-20 14:53:16.769607 (1163719) main____ INFO      cpu time      : unlimited
2025-03-20 14:53:16.769613 (1163719) main____ INFO      processes     : 2062216
2025-03-20 14:53:16.769619 (1163719) main____ INFO      stack size    : 8388608 B
2025-03-20 14:53:16.769623 (1163719) main____ INFO      core file size: 0 B
2025-03-20 14:53:16.769626 (1163719) main____ INFO      open files    : 1024
2025-03-20 14:53:16.769630 (1163719) main____ INFO      file size     : unlimited
2025-03-20 14:53:16.769632 (1163719) main____ INFO    ----------------------------------------
2025-03-20 14:53:16.769635 (1163719) main____ INFO    Memory statistics:
2025-03-20 14:53:16.769639 (1163719) main____ INFO      total physical memory  : 528010596 kB
2025-03-20 14:53:16.769643 (1163719) main____ INFO      free physical memory   : 479773244 kB
2025-03-20 14:53:16.769647 (1163719) main____ INFO      committed address space: 75484856 kB
2025-03-20 14:53:16.769649 (1163719) main____ INFO    ----------------------------------------
2025-03-20 14:53:16.769999 (1163719) main____ INFO    Important environment variables:
2025-03-20 14:53:16.770010 (1163719) main____ INFO      DISPLAY            : ':1003'
2025-03-20 14:53:16.770014 (1163719) main____ INFO      JASPER_INSTALL_DIR : '/usr/local/jasper_2023.12'
2025-03-20 14:53:16.770017 (1163719) main____ INFO      JASPER_KERNEL_CHECK: '1'
2025-03-20 14:53:16.770020 (1163719) main____ INFO      JASPER_OS_CHECK    : '0'
2025-03-20 14:53:16.770024 (1163719) main____ INFO      LANG               : 'en_GB.UTF-8'
2025-03-20 14:53:16.770027 (1163719) main____ INFO      LM_LICENSE_FILE    : '/usr/local/licenses/jg_license.txt'
2025-03-20 14:53:16.770030 (1163719) main____ INFO    ----------------------------------------
2025-03-20 14:53:16.770464 (1163719) lic_core INFO    Initializing license system ...
2025-03-20 14:53:16.771278 (1163719) lic_core INFO    ... license system initialized.
2025-03-20 14:53:16.772641 (1163719) lic__man INFO    Claim 'main' for <ui>.
2025-03-20 14:53:16.772659 (1163719) lic_core INFO    (1) checking out 'jasper_interactive' ...
2025-03-20 14:53:16.774235 (1163719) lic_core INFO    ... (1) checkout failed (error: -5) ("FLEXnet ERROR(-5, 0, 0): No such feature exists.")
2025-03-20 14:53:16.774260 (1163719) lic_core INFO    (2) checking out 'jasper_pint' ...
2025-03-20 14:53:16.778728 (1163719) lic_core INFO    ... (2) checkout succeeded
2025-03-20 14:53:16.778758 (1163719) lic__man INFO    Claim 'fpv' for <ui>.
2025-03-20 14:53:16.778769 (1163719) lic_core INFO    (3) checking out 'jasper_fpv' ...
2025-03-20 14:53:16.779590 (1163719) lic_core INFO    ... (3) checkout failed (error: -5) ("FLEXnet ERROR(-5, 0, 0): No such feature exists.")
2025-03-20 14:53:16.779605 (1163719) lic_core INFO    (4) checking out 'jasper_fao' ...
2025-03-20 14:53:16.783887 (1163719) lic_core INFO    ... (4) checkout succeeded
2025-03-20 14:53:16.784222 (1163719) main____ INFO    Tool inactivity delay is 480000 ms.
2025-03-20 14:53:17.189837 (1163719) lic__man INFO    Claim 'fpv' for <ui>.
2025-03-20 14:53:17.290396 (1163719) lic__man INFO    Unclaim 'fpv' for <ui>.
2025-03-20 14:53:17.290434 (1163719) lic__man INFO    Claim 'fpv' for <ui>.
2025-03-20 14:53:17.294905 (1163719) session_ INFO    Starting analysis session with session id 'session_0' (launcher: <local>) ...
2025-03-20 14:53:17.298739 (1163719) session_ INFO    Analysis session with session id 'session_0' started (pid: 1163731)
2025-03-20 14:53:17.787807 (1163719) session_ INFO    Analysis session 'session_0' connected to the console (host: 127.0.0.1:58490)
2025-03-20 15:07:51.935995 (1163719) lic__man INFO    Entering idle state.
2025-03-20 15:29:16.453803 (1163719) main____ INFO    About to exit: requested from GUI
2025-03-20 15:29:16.494167 (1163719) session_ INFO    Analysis session 'session_0' disconnected.
2025-03-20 15:29:16.497249 (1163719) lic_core INFO    (2) checkin jasper_pint
2025-03-20 15:29:16.497548 (1163719) lic_core INFO    (4) checkin jasper_fao
2025-03-20 15:29:16.497924 (1163719) main____ INFO    Exiting with status 0.
